app/build/intermediates/manifest_merge_blame_file/debug/processDebugMainManifest/manifest-merger-blame-debug-report.txt
1<?xml version="1.0" encoding="utf-8"?>
2<manifest xmlns:android="http://schemas.android.com/apk/res/android"
3    package="com.keepalive.yesplus"
4    android:versionCode="3"
5    android:versionName="1.2" >
6
7    <uses-sdk
8        android:minSdkVersion="21"
9        android:targetSdkVersion="34" />
10
11    <uses-permission android:name="android.permission.RECEIVE_BOOT_COMPLETED" />
11-->src/main/AndroidManifest.xml:5:5-81
11-->src/main/AndroidManifest.xml:5:22-78
12    <uses-permission android:name="android.permission.FOREGROUND_SERVICE" />
12-->src/main/AndroidManifest.xml:6:5-77
12-->src/main/AndroidManifest.xml:6:22-74
13    <uses-permission android:name="android.permission.SYSTEM_ALERT_WINDOW" />
13-->src/main/AndroidManifest.xml:7:5-78
13-->src/main/AndroidManifest.xml:7:22-75
14    <uses-permission android:name="android.permission.WAKE_LOCK" />
14-->src/main/AndroidManifest.xml:8:5-68
14-->src/main/AndroidManifest.xml:8:22-65
15    <uses-permission android:name="android.permission.CHANGE_WIFI_STATE" />
15-->src/main/AndroidManifest.xml:9:5-76
15-->src/main/AndroidManifest.xml:9:22-73
16    <uses-permission android:name="android.permission.ACCESS_WIFI_STATE" />
16-->src/main/AndroidManifest.xml:10:5-76
16-->src/main/AndroidManifest.xml:10:22-73
17    <uses-permission android:name="android.permission.ACCESS_FINE_LOCATION" />
17-->src/main/AndroidManifest.xml:11:5-79
17-->src/main/AndroidManifest.xml:11:22-76
18    <uses-permission android:name="android.permission.ACCESS_COARSE_LOCATION" />
18-->src/main/AndroidManifest.xml:12:5-81
18-->src/main/AndroidManifest.xml:12:22-78
19    <uses-permission android:name="android.permission.NEARBY_WIFI_DEVICES" />
19-->src/main/AndroidManifest.xml:13:5-78
19-->src/main/AndroidManifest.xml:13:22-75
20
21    <uses-feature
21-->src/main/AndroidManifest.xml:15:5-17:35
22        android:name="android.software.leanback"
22-->src/main/AndroidManifest.xml:16:9-49
23        android:required="true" />
23-->src/main/AndroidManifest.xml:17:9-32
24    <uses-feature
24-->src/main/AndroidManifest.xml:19:5-21:36
25        android:name="android.hardware.touchscreen"
25-->src/main/AndroidManifest.xml:20:9-52
26        android:required="false" />
26-->src/main/AndroidManifest.xml:21:9-33
27
28    <permission
28-->[androidx.core:core:1.12.0] AndroidManifest.xml:22:5-24:47
29        android:name="com.keepalive.yesplus.DYNAMIC_RECEIVER_NOT_EXPORTED_PERMISSION"
29-->[androidx.core:core:1.12.0] AndroidManifest.xml:23:9-81
30        android:protectionLevel="signature" />
30-->[androidx.core:core:1.12.0] AndroidManifest.xml:24:9-44
31
32    <uses-permission android:name="com.keepalive.yesplus.DYNAMIC_RECEIVER_NOT_EXPORTED_PERMISSION" />
32-->[androidx.core:core:1.12.0] AndroidManifest.xml:26:5-97
32-->[androidx.core:core:1.12.0] AndroidManifest.xml:26:22-94
33
34    <application
34-->src/main/AndroidManifest.xml:23:5-65:19
35        android:allowBackup="true"
35-->src/main/AndroidManifest.xml:24:9-35
36        android:appComponentFactory="androidx.core.app.CoreComponentFactory"
36-->[androidx.core:core:1.12.0] AndroidManifest.xml:28:18-86
37        android:banner="@drawable/app_banner"
37-->src/main/AndroidManifest.xml:25:9-46
38        android:debuggable="true"
39        android:extractNativeLibs="true"
40        android:icon="@mipmap/ic_launcher"
40-->src/main/AndroidManifest.xml:26:9-43
41        android:label="@string/app_name"
41-->src/main/AndroidManifest.xml:28:9-41
42        android:roundIcon="@mipmap/ic_launcher_round"
42-->src/main/AndroidManifest.xml:27:9-54
43        android:supportsRtl="true"
43-->src/main/AndroidManifest.xml:29:9-35
44        android:theme="@style/Theme.StreamKeepAlive" >
44-->src/main/AndroidManifest.xml:30:9-53
45
46        <!-- Main Activity -->
47        <activity
47-->src/main/AndroidManifest.xml:33:9-41:20
48            android:name="com.keepalive.yesplus.MainActivity"
48-->src/main/AndroidManifest.xml:34:13-41
49            android:exported="true"
49-->src/main/AndroidManifest.xml:35:13-36
50            android:screenOrientation="landscape" >
50-->src/main/AndroidManifest.xml:36:13-50
51            <intent-filter>
51-->src/main/AndroidManifest.xml:37:13-40:29
52                <action android:name="android.intent.action.MAIN" />
52-->src/main/AndroidManifest.xml:38:17-69
52-->src/main/AndroidManifest.xml:38:25-66
53
54                <category android:name="android.intent.category.LEANBACK_LAUNCHER" />
54-->src/main/AndroidManifest.xml:39:17-86
54-->src/main/AndroidManifest.xml:39:27-83
55            </intent-filter>
56        </activity>
57
58        <!-- Accessibility Service -->
59        <service
59-->src/main/AndroidManifest.xml:44:9-54:19
60            android:name="com.keepalive.yesplus.KeepAliveAccessibilityService"
60-->src/main/AndroidManifest.xml:45:13-58
61            android:exported="false"
61-->src/main/AndroidManifest.xml:46:13-37
62            android:permission="android.permission.BIND_ACCESSIBILITY_SERVICE" >
62-->src/main/AndroidManifest.xml:47:13-79
63            <intent-filter>
63-->src/main/AndroidManifest.xml:48:13-50:29
64                <action android:name="android.accessibilityservice.AccessibilityService" />
64-->src/main/AndroidManifest.xml:49:17-92
64-->src/main/AndroidManifest.xml:49:25-89
65            </intent-filter>
66
67            <meta-data
67-->src/main/AndroidManifest.xml:51:13-53:72
68                android:name="android.accessibilityservice"
68-->src/main/AndroidManifest.xml:52:17-60
69                android:resource="@xml/accessibility_service_config" />
69-->src/main/AndroidManifest.xml:53:17-69
70        </service>
71
72        <!-- Boot Receiver -->
73        <receiver
73-->src/main/AndroidManifest.xml:57:9-63:20
74            android:name="com.keepalive.yesplus.BootReceiver"
74-->src/main/AndroidManifest.xml:58:13-41
75            android:exported="true" >
75-->src/main/AndroidManifest.xml:59:13-36
76            <intent-filter>
76-->src/main/AndroidManifest.xml:60:13-62:29
77                <action android:name="android.intent.action.BOOT_COMPLETED" />
77-->src/main/AndroidManifest.xml:61:17-79
77-->src/main/AndroidManifest.xml:61:25-76
78            </intent-filter>
79        </receiver>
80
81        <provider
81-->[androidx.emoji2:emoji2:1.2.0] AndroidManifest.xml:24:9-32:20
82            android:name="androidx.startup.InitializationProvider"
82-->[androidx.emoji2:emoji2:1.2.0] AndroidManifest.xml:25:13-67
83            android:authorities="com.keepalive.yesplus.androidx-startup"
83-->[androidx.emoji2:emoji2:1.2.0] AndroidManifest.xml:26:13-68
84            android:exported="false" >
84-->[androidx.emoji2:emoji2:1.2.0] AndroidManifest.xml:27:13-37
85            <meta-data
85-->[androidx.emoji2:emoji2:1.2.0] AndroidManifest.xml:29:13-31:52
86                android:name="androidx.emoji2.text.EmojiCompatInitializer"
86-->[androidx.emoji2:emoji2:1.2.0] AndroidManifest.xml:30:17-75
87                android:value="androidx.startup" />
87-->[androidx.emoji2:emoji2:1.2.0] AndroidManifest.xml:31:17-49
88            <meta-data
88-->[androidx.lifecycle:lifecycle-process:2.4.1] AndroidManifest.xml:31:13-33:52
89                android:name="androidx.lifecycle.ProcessLifecycleInitializer"
89-->[androidx.lifecycle:lifecycle-process:2.4.1] AndroidManifest.xml:32:17-78
90                android:value="androidx.startup" />
90-->[androidx.lifecycle:lifecycle-process:2.4.1] AndroidManifest.xml:33:17-49
91        </provider>
92    </application>
93
94</manifest>